{"/Users/anton/Desktop/netology/homework/Symbols-Iterators/src/js/app.js": {"path":"/Users/anton/Desktop/netology/homework/Symbols-Iterators/src/js/app.js","statementMap":{"0":{"start":{"line":3,"column":4},"end":{"line":3,"column":29}},"1":{"start":{"line":7,"column":4},"end":{"line":7,"column":57}},"2":{"start":{"line":7,"column":33},"end":{"line":7,"column":55}},"3":{"start":{"line":11,"column":28},"end":{"line":11,"column":52}},"4":{"start":{"line":12,"column":16},"end":{"line":12,"column":17}},"5":{"start":{"line":13,"column":4},"end":{"line":27,"column":6}},"6":{"start":{"line":15,"column":23},"end":{"line":18,"column":9}},"7":{"start":{"line":20,"column":8},"end":{"line":24,"column":9}},"8":{"start":{"line":21,"column":10},"end":{"line":21,"column":48}},"9":{"start":{"line":22,"column":10},"end":{"line":22,"column":30}},"10":{"start":{"line":23,"column":10},"end":{"line":23,"column":21}},"11":{"start":{"line":25,"column":8},"end":{"line":25,"column":22}}},"fnMap":{"0":{"name":"(anonymous_0)","decl":{"start":{"line":2,"column":2},"end":{"line":2,"column":3}},"loc":{"start":{"line":2,"column":16},"end":{"line":4,"column":3}},"line":2},"1":{"name":"(anonymous_1)","decl":{"start":{"line":6,"column":2},"end":{"line":6,"column":3}},"loc":{"start":{"line":6,"column":24},"end":{"line":8,"column":3}},"line":6},"2":{"name":"(anonymous_2)","decl":{"start":{"line":7,"column":23},"end":{"line":7,"column":24}},"loc":{"start":{"line":7,"column":33},"end":{"line":7,"column":55}},"line":7},"3":{"name":"(anonymous_3)","decl":{"start":{"line":10,"column":2},"end":{"line":10,"column":3}},"loc":{"start":{"line":10,"column":22},"end":{"line":28,"column":3}},"line":10},"4":{"name":"(anonymous_4)","decl":{"start":{"line":14,"column":6},"end":{"line":14,"column":7}},"loc":{"start":{"line":14,"column":13},"end":{"line":26,"column":7}},"line":14}},"branchMap":{"0":{"loc":{"start":{"line":20,"column":8},"end":{"line":24,"column":9}},"type":"if","locations":[{"start":{"line":20,"column":8},"end":{"line":24,"column":9}},{"start":{},"end":{}}],"line":20}},"s":{"0":1,"1":1,"2":2,"3":1,"4":1,"5":1,"6":3,"7":3,"8":2,"9":2,"10":2,"11":3},"f":{"0":1,"1":1,"2":2,"3":1,"4":3},"b":{"0":[2,1]},"_coverageSchema":"1a1c01bbd47fc00a2c39e90264f33305004495a9","hash":"1dbfaafb2509660a6f56e2e49497190bebe2417d"}
}
