{"/Users/anton/Desktop/netology/homework/Symbols-Iterators/src/js/app.js": {"path":"/Users/anton/Desktop/netology/homework/Symbols-Iterators/src/js/app.js","statementMap":{"0":{"start":{"line":3,"column":8},"end":{"line":3,"column":33}},"1":{"start":{"line":7,"column":8},"end":{"line":7,"column":61}},"2":{"start":{"line":7,"column":37},"end":{"line":7,"column":59}},"3":{"start":{"line":11,"column":32},"end":{"line":11,"column":56}},"4":{"start":{"line":12,"column":20},"end":{"line":12,"column":21}},"5":{"start":{"line":13,"column":8},"end":{"line":27,"column":10}},"6":{"start":{"line":15,"column":16},"end":{"line":25,"column":17}},"7":{"start":{"line":16,"column":20},"end":{"line":19,"column":22}},"8":{"start":{"line":21,"column":20},"end":{"line":24,"column":22}}},"fnMap":{"0":{"name":"(anonymous_0)","decl":{"start":{"line":2,"column":4},"end":{"line":2,"column":5}},"loc":{"start":{"line":2,"column":18},"end":{"line":4,"column":5}},"line":2},"1":{"name":"(anonymous_1)","decl":{"start":{"line":6,"column":4},"end":{"line":6,"column":5}},"loc":{"start":{"line":6,"column":26},"end":{"line":8,"column":5}},"line":6},"2":{"name":"(anonymous_2)","decl":{"start":{"line":7,"column":27},"end":{"line":7,"column":28}},"loc":{"start":{"line":7,"column":37},"end":{"line":7,"column":59}},"line":7},"3":{"name":"(anonymous_3)","decl":{"start":{"line":10,"column":4},"end":{"line":10,"column":5}},"loc":{"start":{"line":10,"column":24},"end":{"line":28,"column":5}},"line":10},"4":{"name":"(anonymous_4)","decl":{"start":{"line":14,"column":12},"end":{"line":14,"column":13}},"loc":{"start":{"line":14,"column":19},"end":{"line":26,"column":13}},"line":14}},"branchMap":{"0":{"loc":{"start":{"line":15,"column":16},"end":{"line":25,"column":17}},"type":"if","locations":[{"start":{"line":15,"column":16},"end":{"line":25,"column":17}},{"start":{"line":20,"column":23},"end":{"line":25,"column":17}}],"line":15}},"s":{"0":1,"1":1,"2":2,"3":1,"4":1,"5":1,"6":3,"7":2,"8":1},"f":{"0":1,"1":1,"2":2,"3":1,"4":3},"b":{"0":[2,1]},"_coverageSchema":"1a1c01bbd47fc00a2c39e90264f33305004495a9","hash":"41192c9ee9113800be6d33345f830459488d4a29"}
}
